Arguments: 
  /Users/hengsovandara/.nvm/versions/node/v10.21.0/bin/node /usr/local/Cellar/yarn/1.22.1/libexec/bin/yarn.js add @fortawesome/fontawesome-svg-core

PATH: 
  /Users/hengsovandara/.nvm/versions/node/v10.21.0/bin:/Users/hengsovandara/Android/sdk/tools:/Users/hengsovandara/Android/sdk/tools/bin:/Users/hengsovandara/Android/sdk/platform-tools:/usr/local/bin:/usr/bin:/bin:/usr/sbin:/sbin:/Library/Apple/usr/bin:/Users/hengsovandara/Library/Android/sdk/platform-tools/

Yarn version: 
  1.22.1

Node version: 
  10.21.0

Platform: 
  darwin x64

Trace: 
  Error: https://npm.fontawesome.com/@fortawesome%2freact-fontawesome: authentication required
      at Request.params.callback [as _callback] (/usr/local/Cellar/yarn/1.22.1/libexec/lib/cli.js:66982:18)
      at Request.self.callback (/usr/local/Cellar/yarn/1.22.1/libexec/lib/cli.js:140743:22)
      at Request.emit (events.js:198:13)
      at Request.<anonymous> (/usr/local/Cellar/yarn/1.22.1/libexec/lib/cli.js:141715:10)
      at Request.emit (events.js:198:13)
      at IncomingMessage.<anonymous> (/usr/local/Cellar/yarn/1.22.1/libexec/lib/cli.js:141637:12)
      at Object.onceWrapper (events.js:286:20)
      at IncomingMessage.emit (events.js:203:15)
      at endReadableNT (_stream_readable.js:1145:12)
      at process._tickCallback (internal/process/next_tick.js:63:19)

npm manifest: 
  {
    "name": "247-admin",
    "version": "0.1.3",
    "private": true,
    "dependencies": {
      "@cometchat-pro/chat": "^1.8.14",
      "@fortawesome/react-fontawesome": "^0.1.8",
      "@zeit/next-css": "^1.0.1",
      "actheme": "0.0.30",
      "actstore": "0.0.34",
      "clik": "file:./src/@clik",
      "fetchier": "0.0.31",
      "js-cookie": "^2.2.1",
      "markdown-to-jsx": "^6.9.1",
      "next": "^9.5.2",
      "next-fucss": "^0.1.11",
      "react": "^16.8.6",
      "react-dom": "^16.8.6",
      "react-native-web": "^0.12.3",
      "react-particles-js": "^2.6.0",
      "react-spring": "^7.2.8",
      "styled-components": "^4.2.0",
      "victory": "^35.0.8"
    },
    "devDependencies": {
      "auto-changelog": "^1.14.1",
      "next-transpile-modules": "^4.1.0",
      "prettier": "^1.18.2",
      "serve": "^11.1.0"
    },
    "scripts": {
      "start": "next -p 8080 -H 0.0.0.0",
      "test": "nightwatch",
      "build": "next build",
      "export": "next export && node src/@clik/hooks/useStaticIndexCleaner.js",
      "serve": "rm -rf out && npm run build && npm run export && cd out && serve",
      "lint": "prettier --tab-width 2 --jsx-bracket-same-line true --single-quote --print-width 100 true --semi false --write \"src/**/*.js\"",
      "logs": "auto-changelog --ignore-commit-pattern '^(?!docs:)(?!test:)(?!fix:)(?!feat:)(?!style:)' -l false --sort-commits date-desc -p -o ./CHANGELOG.md && git add ./CHANGELOG.md"
    }
  }

yarn manifest: 
  No manifest

Lockfile: 
  No lockfile
